Traceback (most recent call last):
  File "/Users/gwen29360/opt/anaconda3/envs/utoulouse/lib/python3.13/site-packages/jupyter_cache/executors/utils.py", line 58, in single_nb_execution
    executenb(
    ~~~~~~~~~^
        nb,
        ^^^
    ...<4 lines>...
        **kwargs,
        ^^^^^^^^^
    )
    ^
  File "/Users/gwen29360/opt/anaconda3/envs/utoulouse/lib/python3.13/site-packages/nbclient/client.py", line 1204, in execute
    return NotebookClient(nb=nb, resources=resources, km=km, **kwargs).execute()
           ~~~~~~~~~~~~~~~~~~~~~~~~~~~~~~~~~~~~~~~~~~~~~~~~~~~~~~~~~~~~~~~~~~~^^
  File "/Users/gwen29360/opt/anaconda3/envs/utoulouse/lib/python3.13/site-packages/nbclient/util.py", line 84, in wrapped
    return just_run(coro(*args, **kwargs))
  File "/Users/gwen29360/opt/anaconda3/envs/utoulouse/lib/python3.13/site-packages/nbclient/util.py", line 62, in just_run
    return loop.run_until_complete(coro)
           ~~~~~~~~~~~~~~~~~~~~~~~^^^^^^
  File "/Users/gwen29360/opt/anaconda3/envs/utoulouse/lib/python3.13/asyncio/base_events.py", line 725, in run_until_complete
    return future.result()
           ~~~~~~~~~~~~~^^
  File "/Users/gwen29360/opt/anaconda3/envs/utoulouse/lib/python3.13/site-packages/nbclient/client.py", line 663, in async_execute
    await self.async_execute_cell(
        cell, index, execution_count=self.code_cells_executed + 1
    )
  File "/Users/gwen29360/opt/anaconda3/envs/utoulouse/lib/python3.13/site-packages/nbclient/client.py", line 965, in async_execute_cell
    await self._check_raise_for_error(cell, cell_index, exec_reply)
  File "/Users/gwen29360/opt/anaconda3/envs/utoulouse/lib/python3.13/site-packages/nbclient/client.py", line 862, in _check_raise_for_error
    raise CellExecutionError.from_cell_and_msg(cell, exec_reply_content)
nbclient.exceptions.CellExecutionError: An error occurred while executing the following cell:
------------------
fig, ax = plt.subplots(figsize = (7, 3))
ax.plot(time_UTC, elevation, color = 'k')
ax.plot(time_UTC, Zw, color = 'r')

ax.set_ylabel('Wave Amplitude [m]')
------------------

[31m---------------------------------------------------------------------------[39m
[31mNameError[39m                                 Traceback (most recent call last)
[36mCell[39m[36m [39m[32mIn[12][39m[32m, line 3[39m
[32m      1[39m fig, ax = plt.subplots(figsize = ([32m7[39m, [32m3[39m))
[32m      2[39m ax.plot(time_UTC, elevation, color = [33m'[39m[33mk[39m[33m'[39m)
[32m----> [39m[32m3[39m ax.plot(time_UTC, [43mZw[49m, color = [33m'[39m[33mr[39m[33m'[39m)
[32m      5[39m ax.set_ylabel([33m'[39m[33mWave Amplitude [m][39m[33m'[39m)

[31mNameError[39m: name 'Zw' is not defined
NameError: name 'Zw' is not defined

