Traceback (most recent call last):
  File "/Users/gwen29360/opt/anaconda3/envs/utoulouse/lib/python3.13/site-packages/jupyter_cache/executors/utils.py", line 58, in single_nb_execution
    executenb(
    ~~~~~~~~~^
        nb,
        ^^^
    ...<4 lines>...
        **kwargs,
        ^^^^^^^^^
    )
    ^
  File "/Users/gwen29360/opt/anaconda3/envs/utoulouse/lib/python3.13/site-packages/nbclient/client.py", line 1204, in execute
    return NotebookClient(nb=nb, resources=resources, km=km, **kwargs).execute()
           ~~~~~~~~~~~~~~~~~~~~~~~~~~~~~~~~~~~~~~~~~~~~~~~~~~~~~~~~~~~~~~~~~~~^^
  File "/Users/gwen29360/opt/anaconda3/envs/utoulouse/lib/python3.13/site-packages/nbclient/util.py", line 84, in wrapped
    return just_run(coro(*args, **kwargs))
  File "/Users/gwen29360/opt/anaconda3/envs/utoulouse/lib/python3.13/site-packages/nbclient/util.py", line 62, in just_run
    return loop.run_until_complete(coro)
           ~~~~~~~~~~~~~~~~~~~~~~~^^^^^^
  File "/Users/gwen29360/opt/anaconda3/envs/utoulouse/lib/python3.13/asyncio/base_events.py", line 725, in run_until_complete
    return future.result()
           ~~~~~~~~~~~~~^^
  File "/Users/gwen29360/opt/anaconda3/envs/utoulouse/lib/python3.13/site-packages/nbclient/client.py", line 663, in async_execute
    await self.async_execute_cell(
        cell, index, execution_count=self.code_cells_executed + 1
    )
  File "/Users/gwen29360/opt/anaconda3/envs/utoulouse/lib/python3.13/site-packages/nbclient/client.py", line 965, in async_execute_cell
    await self._check_raise_for_error(cell, cell_index, exec_reply)
  File "/Users/gwen29360/opt/anaconda3/envs/utoulouse/lib/python3.13/site-packages/nbclient/client.py", line 862, in _check_raise_for_error
    raise CellExecutionError.from_cell_and_msg(cell, exec_reply_content)
nbclient.exceptions.CellExecutionError: An error occurred while executing the following cell:
------------------
# --- compute mean
mean_elevation = ds.elevation.mean() # mean for all latitude and longitudes
print(f'The mean depth of the Nazare;s canyon is {mean_elevation_along_longitude.values} m') # see the .values at the end to get the answer in numpy array format
mean_elevation_along_longitude = ds.elevation.mean(dim = 'longitude') # mean only along longitude
------------------

[31m---------------------------------------------------------------------------[39m
[31mNameError[39m                                 Traceback (most recent call last)
[36mCell[39m[36m [39m[32mIn[8][39m[32m, line 3[39m
[32m      1[39m [38;5;66;03m# --- compute mean[39;00m
[32m      2[39m mean_elevation = ds.elevation.mean() [38;5;66;03m# mean for all latitude and longitudes[39;00m
[32m----> [39m[32m3[39m [38;5;28mprint[39m([33mf[39m[33m'[39m[33mThe mean depth of the Nazare;s canyon is [39m[38;5;132;01m{[39;00m[43mmean_elevation_along_longitude[49m.values[38;5;132;01m}[39;00m[33m m[39m[33m'[39m) [38;5;66;03m# see the .values at the end to get the answer in numpy array format[39;00m
[32m      4[39m mean_elevation_along_longitude = ds.elevation.mean(dim = [33m'[39m[33mlongitude[39m[33m'[39m) [38;5;66;03m# mean only along longitude[39;00m

[31mNameError[39m: name 'mean_elevation_along_longitude' is not defined
NameError: name 'mean_elevation_along_longitude' is not defined

